::1 - - [22/Jul/2025:14:06:38 +0000] "GET / HTTP/1.1" 200 9449
::1 - - [22/Jul/2025:14:06:38 +0000] "GET /css/bootstrap.min.css HTTP/1.1" 200 109522
::1 - - [22/Jul/2025:14:06:38 +0000] "GET /css/styles.css HTTP/1.1" 200 2679
::1 - - [22/Jul/2025:14:06:38 +0000] "GET /js/bootstrap.min.js HTTP/1.1" 200 31824
::1 - - [22/Jul/2025:14:06:40 +0000] "GET /fonts/glyphicons-halflings-regular.woff HTTP/1.1" 404 178
::1 - - [22/Jul/2025:14:06:40 +0000] "GET /fonts/glyphicons-halflings-regular.ttf HTTP/1.1" 404 177
::1 - - [22/Jul/2025:14:06:42 +0000] "GET /category HTTP/1.1" 200 8987
::1 - - [22/Jul/2025:14:06:42 +0000] "GET /css/bootstrap.min.css HTTP/1.1" 304 -
::1 - - [22/Jul/2025:14:06:42 +0000] "GET /css/styles.css HTTP/1.1" 304 -
::1 - - [22/Jul/2025:14:06:42 +0000] "GET /js/bootstrap.min.js HTTP/1.1" 304 -
::1 - - [22/Jul/2025:14:06:43 +0000] "GET /fonts/glyphicons-halflings-regular.woff HTTP/1.1" 404 178
::1 - - [22/Jul/2025:14:06:43 +0000] "GET /fonts/glyphicons-halflings-regular.ttf HTTP/1.1" 404 177
::1 - - [22/Jul/2025:14:06:43 +0000] "GET /products HTTP/1.1" 200 44672
::1 - - [22/Jul/2025:14:06:43 +0000] "GET /css/bootstrap.min.css HTTP/1.1" 304 -
::1 - - [22/Jul/2025:14:06:43 +0000] "GET /css/styles.css HTTP/1.1" 304 -
::1 - - [22/Jul/2025:14:06:43 +0000] "GET /js/bootstrap.min.js HTTP/1.1" 304 -
::1 - - [22/Jul/2025:14:06:44 +0000] "GET /category HTTP/1.1" 304 -
::1 - - [22/Jul/2025:14:06:44 +0000] "GET /css/bootstrap.min.css HTTP/1.1" 304 -
::1 - - [22/Jul/2025:14:06:44 +0000] "GET /css/styles.css HTTP/1.1" 304 -
::1 - - [22/Jul/2025:14:06:44 +0000] "GET /js/bootstrap.min.js HTTP/1.1" 304 -
::1 - - [22/Jul/2025:14:06:44 +0000] "GET /favicon.ico HTTP/1.1" 404 150
::1 - - [22/Jul/2025:14:06:46 +0000] "GET /products/category/1 HTTP/1.1" 200 38619
::1 - - [22/Jul/2025:14:06:46 +0000] "GET /css/bootstrap.min.css HTTP/1.1" 304 -
::1 - - [22/Jul/2025:14:06:46 +0000] "GET /css/styles.css HTTP/1.1" 304 -
::1 - - [22/Jul/2025:14:06:46 +0000] "GET /products/category/js/bootstrap.min.js HTTP/1.1" 404 176
